11:26:34.149 [main] INFO  c.b.launchers.LaunchMavenCommand - Executing maven archetype command - browserstack-sdk-archetype-integrate
11:26:34.307 [main] INFO  c.b.launchers.LaunchMavenCommand - The maven properties for launcher are [archetypeVersion=1.5, archetypeGroupId=com.browserstack, archetypeArtifactId=browserstack-sdk-archetype-integrate, BROWSERSTACK_ACCESS_KEY=pBLZAVf1pU17UVS3svrA, groupId=com.browserstack, artifactId=java-archetype-integrate, BROWSERSTACK_USERNAME=satyambhosure_qjwk9H, BROWSERSTACK_FRAMEWORK=java, BUILD_NAME=browserstack build, version=1.0, PROJECT_NAME=BrowserStack Sample, BROWSERSTACK_SOURCE=java:eclipse:v1.0.10]
11:26:34.332 [Worker-320: Launching mavenrun-0a14956b-6fd0-4672-9019-31652b690270] INFO  c.b.BrowserStackPluginActivator - The previous launch removed.
11:26:57.827 [main] INFO  c.b.a.BrowserStackPropertyTester - Testing : isBrowserStackEnabled
11:26:57.829 [main] INFO  c.b.BrowserStackPluginActivator - Prefs Keys []
11:26:57.831 [main] INFO  c.b.a.BrowserStackPropertyTester - Validation Result isBrowserStackEnabled : true P/VisitorRegistration
11:26:57.831 [main] INFO  c.b.a.BrowserStackPropertyTester - Testing : isBrowserStackDisabled
11:26:57.831 [main] INFO  c.b.BrowserStackPluginActivator - Prefs Keys []
11:26:57.833 [main] INFO  c.b.a.BrowserStackPropertyTester - Validation Result isBrowserStackDisabled : false P/VisitorRegistration
11:27:00.002 [main] INFO  c.b.a.BrowserStackPropertyTester - Testing : isBrowserStackEnabled
11:27:00.005 [main] INFO  c.b.BrowserStackPluginActivator - Prefs Keys []
11:27:00.008 [main] INFO  c.b.a.BrowserStackPropertyTester - Validation Result isBrowserStackEnabled : true P/VisitorRegistration
11:27:00.009 [main] INFO  c.b.a.BrowserStackPropertyTester - Testing : isBrowserStackDisabled
11:27:00.009 [main] INFO  c.b.BrowserStackPluginActivator - Prefs Keys []
11:27:00.009 [main] INFO  c.b.a.BrowserStackPropertyTester - Validation Result isBrowserStackDisabled : false P/VisitorRegistration
11:27:00.924 [main] INFO  c.b.a.BrowserStackPropertyTester - Testing : isBrowserStackEnabled
11:27:00.924 [main] INFO  c.b.BrowserStackPluginActivator - Prefs Keys []
11:27:00.925 [main] INFO  c.b.a.BrowserStackPropertyTester - Validation Result isBrowserStackEnabled : true P/VisitorRegistration
11:27:00.926 [main] INFO  c.b.a.BrowserStackPropertyTester - Testing : isBrowserStackDisabled
11:27:00.926 [main] INFO  c.b.BrowserStackPluginActivator - Prefs Keys []
11:27:00.926 [main] INFO  c.b.a.BrowserStackPropertyTester - Validation Result isBrowserStackDisabled : false P/VisitorRegistration
11:27:14.607 [Worker-319: Launching Executing clean in _Users_kisanforum_Downloads_VisitorRegistration] INFO  c.b.BrowserStackPluginActivator - The previous launch removed.
11:27:36.743 [Worker-317: Launching Executing test in _Users_kisanforum_Downloads_VisitorRegistration] INFO  c.b.BrowserStackPluginActivator - The previous launch removed.
11:45:38.601 [Worker-322: Launching Executing clean in _Users_kisanforum_Downloads_VisitorRegistration] INFO  c.b.BrowserStackPluginActivator - The previous launch removed.
11:46:04.480 [Worker-325: Launching Executing test in _Users_kisanforum_Downloads_VisitorRegistration] INFO  c.b.BrowserStackPluginActivator - The previous launch removed.
11:49:47.347 [main] INFO  c.b.a.BrowserStackPropertyTester - Testing : isBrowserStackEnabled
11:49:47.362 [main] INFO  c.b.BrowserStackPluginActivator - Prefs Keys []
11:49:47.363 [main] INFO  c.b.a.BrowserStackPropertyTester - Validation Result isBrowserStackEnabled : true P/vreg_dev_test
11:49:47.363 [main] INFO  c.b.a.BrowserStackPropertyTester - Testing : isBrowserStackDisabled
11:49:47.363 [main] INFO  c.b.BrowserStackPluginActivator - Prefs Keys []
11:49:47.363 [main] INFO  c.b.a.BrowserStackPropertyTester - Validation Result isBrowserStackDisabled : false P/vreg_dev_test
11:49:55.062 [main] INFO  c.b.a.BrowserStackPropertyTester - Testing : isBrowserStackEnabled
11:49:55.065 [main] INFO  c.b.BrowserStackPluginActivator - Prefs Keys []
11:49:55.067 [main] INFO  c.b.a.BrowserStackPropertyTester - Validation Result isBrowserStackEnabled : true P/vreg_dev_test
11:49:55.067 [main] INFO  c.b.a.BrowserStackPropertyTester - Testing : isBrowserStackDisabled
11:49:55.068 [main] INFO  c.b.BrowserStackPluginActivator - Prefs Keys []
11:49:55.068 [main] INFO  c.b.a.BrowserStackPropertyTester - Validation Result isBrowserStackDisabled : false P/vreg_dev_test
15:08:40.916 [Worker-356: Launching Executing clean in _Users_kisanforum_Downloads_VisitorRegistration] INFO  c.b.BrowserStackPluginActivator - The previous launch removed.
15:09:06.964 [Worker-355: Launching Executing install in _Users_kisanforum_Downloads_VisitorRegistration] INFO  c.b.BrowserStackPluginActivator - The previous launch removed.
15:17:21.375 [main] INFO  c.b.a.BrowserStackPropertyTester - Testing : isBrowserStackEnabled
15:17:21.392 [main] INFO  c.b.BrowserStackPluginActivator - Prefs Keys []
15:17:21.393 [main] INFO  c.b.a.BrowserStackPropertyTester - Validation Result isBrowserStackEnabled : true P/VisitorRegistration
15:17:21.394 [main] INFO  c.b.a.BrowserStackPropertyTester - Testing : isBrowserStackDisabled
15:17:21.395 [main] INFO  c.b.BrowserStackPluginActivator - Prefs Keys []
15:17:21.398 [main] INFO  c.b.a.BrowserStackPropertyTester - Validation Result isBrowserStackDisabled : false P/VisitorRegistration
15:17:23.152 [main] INFO  c.b.a.BrowserStackPropertyTester - Testing : isBrowserStackEnabled
15:17:23.153 [main] INFO  c.b.BrowserStackPluginActivator - Prefs Keys []
15:17:23.155 [main] INFO  c.b.a.BrowserStackPropertyTester - Validation Result isBrowserStackEnabled : true P/VisitorRegistration
15:17:23.155 [main] INFO  c.b.a.BrowserStackPropertyTester - Testing : isBrowserStackDisabled
15:17:23.155 [main] INFO  c.b.BrowserStackPluginActivator - Prefs Keys []
15:17:23.156 [main] INFO  c.b.a.BrowserStackPropertyTester - Validation Result isBrowserStackDisabled : false P/VisitorRegistration
15:17:23.512 [main] INFO  c.b.a.BrowserStackPropertyTester - Testing : isBrowserStackEnabled
15:17:23.514 [main] INFO  c.b.BrowserStackPluginActivator - Prefs Keys []
15:17:23.516 [main] INFO  c.b.a.BrowserStackPropertyTester - Validation Result isBrowserStackEnabled : true P/VisitorRegistration
15:17:23.516 [main] INFO  c.b.a.BrowserStackPropertyTester - Testing : isBrowserStackDisabled
15:17:23.516 [main] INFO  c.b.BrowserStackPluginActivator - Prefs Keys []
15:17:23.520 [main] INFO  c.b.a.BrowserStackPropertyTester - Validation Result isBrowserStackDisabled : false P/VisitorRegistration
15:17:41.262 [Worker-360: Launching Executing test in _Users_kisanforum_Downloads_VisitorRegistration] INFO  c.b.BrowserStackPluginActivator - The previous launch removed.
15:21:42.116 [main] INFO  c.b.a.BrowserStackPropertyTester - Testing : isBrowserStackEnabled
15:21:42.126 [main] INFO  c.b.BrowserStackPluginActivator - Prefs Keys []
15:21:42.127 [main] INFO  c.b.a.BrowserStackPropertyTester - Validation Result isBrowserStackEnabled : true P/VisitorRegistration
15:21:42.128 [main] INFO  c.b.a.BrowserStackPropertyTester - Testing : isBrowserStackDisabled
15:21:42.128 [main] INFO  c.b.BrowserStackPluginActivator - Prefs Keys []
15:21:42.128 [main] INFO  c.b.a.BrowserStackPropertyTester - Validation Result isBrowserStackDisabled : false P/VisitorRegistration
15:21:59.563 [Worker-364: Launching Executing test in _Users_kisanforum_Downloads_VisitorRegistration] INFO  c.b.BrowserStackPluginActivator - The previous launch removed.
15:25:22.288 [main] INFO  c.b.a.BrowserStackPropertyTester - Testing : isBrowserStackEnabled
15:25:22.295 [main] INFO  c.b.BrowserStackPluginActivator - Prefs Keys []
15:25:22.296 [main] INFO  c.b.a.BrowserStackPropertyTester - Validation Result isBrowserStackEnabled : true P/VisitorRegistration
15:25:22.296 [main] INFO  c.b.a.BrowserStackPropertyTester - Testing : isBrowserStackDisabled
15:25:22.296 [main] INFO  c.b.BrowserStackPluginActivator - Prefs Keys []
15:25:22.296 [main] INFO  c.b.a.BrowserStackPropertyTester - Validation Result isBrowserStackDisabled : false P/VisitorRegistration
15:25:39.676 [Worker-367: Launching Executing test in _Users_kisanforum_Downloads_VisitorRegistration] INFO  c.b.BrowserStackPluginActivator - The previous launch removed.
15:28:34.619 [Worker-368: Launching Executing clean in _Users_kisanforum_Downloads_VisitorRegistration] INFO  c.b.BrowserStackPluginActivator - The previous launch removed.
15:28:42.493 [Worker-368: Launching Executing test in _Users_kisanforum_Downloads_VisitorRegistration] INFO  c.b.BrowserStackPluginActivator - The previous launch removed.
17:42:05.942 [main] INFO  c.b.a.BrowserStackPropertyTester - Testing : isBrowserStackEnabled
17:42:05.996 [main] INFO  c.b.BrowserStackPluginActivator - Prefs Keys []
17:42:06.011 [main] INFO  c.b.a.BrowserStackPropertyTester - Validation Result isBrowserStackEnabled : true P/kisanExhDB
17:42:06.012 [main] INFO  c.b.a.BrowserStackPropertyTester - Testing : isBrowserStackDisabled
17:42:06.012 [main] INFO  c.b.BrowserStackPluginActivator - Prefs Keys []
17:42:06.012 [main] INFO  c.b.a.BrowserStackPropertyTester - Validation Result isBrowserStackDisabled : false P/kisanExhDB
17:42:37.087 [main] INFO  c.b.a.BrowserStackPropertyTester - Testing : isBrowserStackEnabled
17:42:37.089 [main] INFO  c.b.BrowserStackPluginActivator - Prefs Keys []
17:42:37.102 [main] INFO  c.b.a.BrowserStackPropertyTester - Validation Result isBrowserStackEnabled : true P/kisanExhDB
17:42:37.102 [main] INFO  c.b.a.BrowserStackPropertyTester - Testing : isBrowserStackDisabled
17:42:37.102 [main] INFO  c.b.BrowserStackPluginActivator - Prefs Keys []
17:42:37.102 [main] INFO  c.b.a.BrowserStackPropertyTester - Validation Result isBrowserStackDisabled : false P/kisanExhDB
17:44:30.673 [Worker-384: Launching Test_One] INFO  c.b.BrowserStackPluginActivator - The previous launch removed.
17:44:30.729 [Worker-384: Launching Test_One] INFO  c.b.BrowserStackPluginActivator - The environment variables for the launch configuration are {}
17:45:49.038 [Worker-384: Launching Test_One] INFO  c.b.BrowserStackPluginActivator - The previous launch removed.
17:45:49.080 [Worker-384: Launching Test_One] INFO  c.b.BrowserStackPluginActivator - The environment variables for the launch configuration are {}
17:46:41.495 [Worker-387: Launching Test_One] INFO  c.b.BrowserStackPluginActivator - The previous launch removed.
17:46:41.511 [Worker-387: Launching Test_One] INFO  c.b.BrowserStackPluginActivator - The environment variables for the launch configuration are {}
17:56:06.942 [Worker-384: Launching Test_One] INFO  c.b.BrowserStackPluginActivator - The previous launch removed.
17:56:07.012 [Worker-384: Launching Test_One] INFO  c.b.BrowserStackPluginActivator - The environment variables for the launch configuration are {}
18:02:04.311 [main] INFO  c.b.BrowserStackPluginActivator - The previous launch removed.
18:02:44.098 [Worker-391: Launching Test_One] INFO  c.b.BrowserStackPluginActivator - The environment variables for the launch configuration are {}
18:05:53.774 [main] INFO  c.b.a.BrowserStackPropertyTester - Testing : isBrowserStackEnabled
18:05:53.810 [main] INFO  c.b.BrowserStackPluginActivator - Prefs Keys []
18:05:53.816 [main] INFO  c.b.a.BrowserStackPropertyTester - Validation Result isBrowserStackEnabled : true P/kisanExhDB
18:05:53.818 [main] INFO  c.b.a.BrowserStackPropertyTester - Testing : isBrowserStackDisabled
18:05:53.818 [main] INFO  c.b.BrowserStackPluginActivator - Prefs Keys []
18:05:53.819 [main] INFO  c.b.a.BrowserStackPropertyTester - Validation Result isBrowserStackDisabled : false P/kisanExhDB
18:08:47.595 [main] INFO  c.b.BrowserStackPluginActivator - The previous launch removed.
18:09:19.949 [main] INFO  c.b.a.BrowserStackPropertyTester - Testing : isBrowserStackEnabled
18:09:19.962 [main] INFO  c.b.BrowserStackPluginActivator - Prefs Keys []
18:09:19.964 [main] INFO  c.b.a.BrowserStackPropertyTester - Validation Result isBrowserStackEnabled : true P/testing_one
18:09:19.964 [main] INFO  c.b.a.BrowserStackPropertyTester - Testing : isBrowserStackDisabled
18:09:19.964 [main] INFO  c.b.BrowserStackPluginActivator - Prefs Keys []
18:09:19.965 [main] INFO  c.b.a.BrowserStackPropertyTester - Validation Result isBrowserStackDisabled : false P/testing_one
18:10:26.247 [Worker-391: Launching TestOne (1)] INFO  c.b.BrowserStackPluginActivator - The environment variables for the launch configuration are {}
11:47:44.827 [Worker-424: Launching TestOne (1)] INFO  c.b.BrowserStackPluginActivator - The previous launch removed.
11:47:45.020 [Worker-424: Launching TestOne (1)] INFO  c.b.BrowserStackPluginActivator - The environment variables for the launch configuration are {}
12:15:31.225 [Worker-429: Launching TestOne (1)] INFO  c.b.BrowserStackPluginActivator - The previous launch removed.
12:15:31.262 [Worker-429: Launching TestOne (1)] INFO  c.b.BrowserStackPluginActivator - The environment variables for the launch configuration are {}
12:21:22.261 [Worker-421: Launching Executing test in _Users_kisanforum_Downloads_VisitorRegistration] INFO  c.b.BrowserStackPluginActivator - The previous launch removed.
17:42:17.311 [Worker-458: Launching Vreg] INFO  c.b.BrowserStackPluginActivator - The previous launch removed.
17:42:17.329 [Worker-458: Launching Vreg] INFO  c.b.BrowserStackPluginActivator - Existing javaagentArgline (BROWSERSTACK_JAVAAGENT_ARGLINE) in plugin prefs is 
17:42:17.337 [Worker-458: Launching Vreg] INFO  c.b.BrowserStackPluginActivator - Prefs Keys []
17:42:17.338 [Worker-458: Launching Vreg] INFO  c.b.BrowserStackPluginActivator - The environment variables for the launch configuration are {BROWSERSTACK_EXEC_SOURCE=eclipse/1.0.10}
17:50:56.713 [main] INFO  c.b.a.BrowserStackPropertyTester - Testing : isBrowserStackEnabled
17:50:56.728 [main] INFO  c.b.BrowserStackPluginActivator - Prefs Keys []
17:50:56.731 [main] INFO  c.b.a.BrowserStackPropertyTester - Validation Result isBrowserStackEnabled : true P/VisitorRegistration
17:50:56.733 [main] INFO  c.b.a.BrowserStackPropertyTester - Testing : isBrowserStackDisabled
17:50:56.733 [main] INFO  c.b.BrowserStackPluginActivator - Prefs Keys []
17:50:56.733 [main] INFO  c.b.a.BrowserStackPropertyTester - Validation Result isBrowserStackDisabled : false P/VisitorRegistration
17:51:04.119 [main] INFO  c.b.a.BrowserStackPropertyTester - Testing : isBrowserStackEnabled
17:51:04.123 [main] INFO  c.b.BrowserStackPluginActivator - Prefs Keys []
17:51:04.125 [main] INFO  c.b.a.BrowserStackPropertyTester - Validation Result isBrowserStackEnabled : true P/VisitorRegistration
17:51:04.126 [main] INFO  c.b.a.BrowserStackPropertyTester - Testing : isBrowserStackDisabled
17:51:04.126 [main] INFO  c.b.BrowserStackPluginActivator - Prefs Keys []
17:51:04.126 [main] INFO  c.b.a.BrowserStackPropertyTester - Validation Result isBrowserStackDisabled : false P/VisitorRegistration
17:51:11.633 [Worker-464: Launching Vreg] INFO  c.b.BrowserStackPluginActivator - The previous launch removed.
17:51:11.657 [Worker-464: Launching Vreg] INFO  c.b.BrowserStackPluginActivator - Existing javaagentArgline (BROWSERSTACK_JAVAAGENT_ARGLINE) in plugin prefs is 
17:51:11.661 [Worker-464: Launching Vreg] INFO  c.b.BrowserStackPluginActivator - Prefs Keys []
17:51:11.661 [Worker-464: Launching Vreg] INFO  c.b.BrowserStackPluginActivator - The environment variables for the launch configuration are {BROWSERSTACK_EXEC_SOURCE=eclipse/1.0.10}
17:54:59.029 [main] INFO  c.b.a.BrowserStackPropertyTester - Testing : isBrowserStackEnabled
17:54:59.034 [main] INFO  c.b.BrowserStackPluginActivator - Prefs Keys []
17:54:59.036 [main] INFO  c.b.a.BrowserStackPropertyTester - Validation Result isBrowserStackEnabled : true P/VisitorRegistration
17:54:59.036 [main] INFO  c.b.a.BrowserStackPropertyTester - Testing : isBrowserStackDisabled
17:54:59.036 [main] INFO  c.b.BrowserStackPluginActivator - Prefs Keys []
17:54:59.037 [main] INFO  c.b.a.BrowserStackPropertyTester - Validation Result isBrowserStackDisabled : false P/VisitorRegistration
17:55:01.096 [main] INFO  c.b.a.BrowserStackPropertyTester - Testing : isBrowserStackEnabled
17:55:01.096 [main] INFO  c.b.BrowserStackPluginActivator - Prefs Keys []
17:55:01.097 [main] INFO  c.b.a.BrowserStackPropertyTester - Validation Result isBrowserStackEnabled : true P/VisitorRegistration
17:55:01.098 [main] INFO  c.b.a.BrowserStackPropertyTester - Testing : isBrowserStackDisabled
17:55:01.098 [main] INFO  c.b.BrowserStackPluginActivator - Prefs Keys []
17:55:01.098 [main] INFO  c.b.a.BrowserStackPropertyTester - Validation Result isBrowserStackDisabled : false P/VisitorRegistration
17:55:04.360 [main] INFO  c.b.a.BrowserStackPropertyTester - Testing : isBrowserStackEnabled
17:55:04.363 [main] INFO  c.b.BrowserStackPluginActivator - Prefs Keys []
17:55:04.364 [main] INFO  c.b.a.BrowserStackPropertyTester - Validation Result isBrowserStackEnabled : true P/VisitorRegistration
17:55:04.364 [main] INFO  c.b.a.BrowserStackPropertyTester - Testing : isBrowserStackDisabled
17:55:04.364 [main] INFO  c.b.BrowserStackPluginActivator - Prefs Keys []
17:55:04.365 [main] INFO  c.b.a.BrowserStackPropertyTester - Validation Result isBrowserStackDisabled : false P/VisitorRegistration
17:55:05.791 [main] INFO  c.b.a.BrowserStackPropertyTester - Testing : isBrowserStackEnabled
17:55:05.794 [main] INFO  c.b.BrowserStackPluginActivator - Prefs Keys []
17:55:05.799 [main] INFO  c.b.a.BrowserStackPropertyTester - Validation Result isBrowserStackEnabled : true P/VisitorRegistration
17:55:05.800 [main] INFO  c.b.a.BrowserStackPropertyTester - Testing : isBrowserStackDisabled
17:55:05.800 [main] INFO  c.b.BrowserStackPluginActivator - Prefs Keys []
17:55:05.800 [main] INFO  c.b.a.BrowserStackPropertyTester - Validation Result isBrowserStackDisabled : false P/VisitorRegistration
17:55:34.743 [main] INFO  c.b.a.BrowserStackPropertyTester - Testing : isBrowserStackEnabled
17:55:34.750 [main] INFO  c.b.BrowserStackPluginActivator - Prefs Keys []
17:55:34.752 [main] INFO  c.b.a.BrowserStackPropertyTester - Validation Result isBrowserStackEnabled : true P/VisitorRegistration
17:55:34.752 [main] INFO  c.b.a.BrowserStackPropertyTester - Testing : isBrowserStackDisabled
17:55:34.752 [main] INFO  c.b.BrowserStackPluginActivator - Prefs Keys []
17:55:34.753 [main] INFO  c.b.a.BrowserStackPropertyTester - Validation Result isBrowserStackDisabled : false P/VisitorRegistration
17:55:58.802 [main] INFO  c.b.BrowserStackPluginActivator - The previous launch removed.
17:55:58.810 [main] INFO  c.b.BrowserStackPluginActivator - The previous launch removed.
18:04:58.497 [Worker-463: Launching Vreg] INFO  c.b.BrowserStackPluginActivator - The previous launch removed.
18:04:58.532 [Worker-463: Launching Vreg] INFO  c.b.BrowserStackPluginActivator - Existing javaagentArgline (BROWSERSTACK_JAVAAGENT_ARGLINE) in plugin prefs is 
18:04:58.538 [Worker-463: Launching Vreg] INFO  c.b.BrowserStackPluginActivator - Prefs Keys []
18:04:58.539 [Worker-463: Launching Vreg] INFO  c.b.BrowserStackPluginActivator - The environment variables for the launch configuration are {BROWSERSTACK_EXEC_SOURCE=eclipse/1.0.10}
18:14:43.289 [Worker-453: Launching Vreg] INFO  c.b.BrowserStackPluginActivator - The previous launch removed.
18:14:43.304 [Worker-453: Launching Vreg] INFO  c.b.BrowserStackPluginActivator - Existing javaagentArgline (BROWSERSTACK_JAVAAGENT_ARGLINE) in plugin prefs is 
18:14:43.315 [Worker-453: Launching Vreg] INFO  c.b.BrowserStackPluginActivator - Prefs Keys []
18:14:43.316 [Worker-453: Launching Vreg] INFO  c.b.BrowserStackPluginActivator - The environment variables for the launch configuration are {BROWSERSTACK_EXEC_SOURCE=eclipse/1.0.10}
18:42:59.820 [Worker-469: Launching Executing test in _Users_kisanforum_Downloads_VisitorRegistration] INFO  c.b.BrowserStackPluginActivator - The previous launch removed.
18:48:11.863 [Worker-479: Launching Executing test in _Users_kisanforum_Downloads_VisitorRegistration] INFO  c.b.BrowserStackPluginActivator - The previous launch removed.
18:53:53.515 [Worker-483: Launching Executing test in _Users_kisanforum_Downloads_VisitorRegistration] INFO  c.b.BrowserStackPluginActivator - The previous launch removed.
10:57:32.861 [Worker-495: Launching Vreg] INFO  c.b.BrowserStackPluginActivator - The previous launch removed.
10:57:32.968 [Worker-495: Launching Vreg] INFO  c.b.BrowserStackPluginActivator - Existing javaagentArgline (BROWSERSTACK_JAVAAGENT_ARGLINE) in plugin prefs is 
10:57:32.984 [Worker-495: Launching Vreg] INFO  c.b.BrowserStackPluginActivator - Prefs Keys []
10:57:32.987 [Worker-495: Launching Vreg] INFO  c.b.BrowserStackPluginActivator - The environment variables for the launch configuration are {BROWSERSTACK_EXEC_SOURCE=eclipse/1.0.10}
11:00:42.857 [main] INFO  c.b.a.BrowserStackPropertyTester - Testing : isBrowserStackEnabled
11:00:42.891 [main] INFO  c.b.BrowserStackPluginActivator - Prefs Keys []
11:00:42.898 [main] INFO  c.b.a.BrowserStackPropertyTester - Validation Result isBrowserStackEnabled : true P/VisitorRegistration
11:00:42.902 [main] INFO  c.b.a.BrowserStackPropertyTester - Testing : isBrowserStackDisabled
11:00:42.902 [main] INFO  c.b.BrowserStackPluginActivator - Prefs Keys []
11:00:42.903 [main] INFO  c.b.a.BrowserStackPropertyTester - Validation Result isBrowserStackDisabled : false P/VisitorRegistration
11:01:58.891 [main] INFO  c.b.a.BrowserStackPropertyTester - Testing : isBrowserStackEnabled
11:01:58.896 [main] INFO  c.b.BrowserStackPluginActivator - Prefs Keys []
11:01:58.900 [main] INFO  c.b.a.BrowserStackPropertyTester - Validation Result isBrowserStackEnabled : true P/VisitorRegistration
11:01:58.901 [main] INFO  c.b.a.BrowserStackPropertyTester - Testing : isBrowserStackDisabled
11:01:58.901 [main] INFO  c.b.BrowserStackPluginActivator - Prefs Keys []
11:01:58.904 [main] INFO  c.b.a.BrowserStackPropertyTester - Validation Result isBrowserStackDisabled : false P/VisitorRegistration
11:02:10.367 [Worker-495: Launching Vreg] INFO  c.b.BrowserStackPluginActivator - The previous launch removed.
11:02:10.382 [Worker-495: Launching Vreg] INFO  c.b.BrowserStackPluginActivator - Existing javaagentArgline (BROWSERSTACK_JAVAAGENT_ARGLINE) in plugin prefs is 
11:02:10.412 [Worker-495: Launching Vreg] INFO  c.b.BrowserStackPluginActivator - Prefs Keys []
11:02:10.414 [Worker-495: Launching Vreg] INFO  c.b.BrowserStackPluginActivator - The environment variables for the launch configuration are {BROWSERSTACK_EXEC_SOURCE=eclipse/1.0.10}
11:12:46.394 [main] INFO  c.b.a.BrowserStackPropertyTester - Testing : isBrowserStackEnabled
11:12:46.410 [main] INFO  c.b.BrowserStackPluginActivator - Prefs Keys []
11:12:46.416 [main] INFO  c.b.a.BrowserStackPropertyTester - Validation Result isBrowserStackEnabled : true P/VisitorRegistration
11:12:46.417 [main] INFO  c.b.a.BrowserStackPropertyTester - Testing : isBrowserStackDisabled
11:12:46.417 [main] INFO  c.b.BrowserStackPluginActivator - Prefs Keys []
11:12:46.417 [main] INFO  c.b.a.BrowserStackPropertyTester - Validation Result isBrowserStackDisabled : false P/VisitorRegistration
11:12:50.266 [Worker-496: Launching Vreg] INFO  c.b.BrowserStackPluginActivator - The previous launch removed.
11:12:50.284 [Worker-496: Launching Vreg] INFO  c.b.BrowserStackPluginActivator - Existing javaagentArgline (BROWSERSTACK_JAVAAGENT_ARGLINE) in plugin prefs is 
11:12:50.288 [Worker-496: Launching Vreg] INFO  c.b.BrowserStackPluginActivator - Prefs Keys []
11:12:50.288 [Worker-496: Launching Vreg] INFO  c.b.BrowserStackPluginActivator - The environment variables for the launch configuration are {BROWSERSTACK_EXEC_SOURCE=eclipse/1.0.10}
11:24:04.055 [Worker-504: Launching Vreg] INFO  c.b.BrowserStackPluginActivator - The previous launch removed.
11:24:04.091 [Worker-504: Launching Vreg] INFO  c.b.BrowserStackPluginActivator - Existing javaagentArgline (BROWSERSTACK_JAVAAGENT_ARGLINE) in plugin prefs is 
11:24:04.105 [Worker-504: Launching Vreg] INFO  c.b.BrowserStackPluginActivator - Prefs Keys []
11:24:04.106 [Worker-504: Launching Vreg] INFO  c.b.BrowserStackPluginActivator - The environment variables for the launch configuration are {BROWSERSTACK_EXEC_SOURCE=eclipse/1.0.10}
11:32:38.733 [main] INFO  c.b.a.BrowserStackPropertyTester - Testing : isBrowserStackEnabled
11:32:38.739 [main] INFO  c.b.BrowserStackPluginActivator - Prefs Keys []
11:32:38.741 [main] INFO  c.b.a.BrowserStackPropertyTester - Validation Result isBrowserStackEnabled : true P/testing_one
11:32:38.741 [main] INFO  c.b.a.BrowserStackPropertyTester - Testing : isBrowserStackDisabled
11:32:38.742 [main] INFO  c.b.BrowserStackPluginActivator - Prefs Keys []
11:32:38.742 [main] INFO  c.b.a.BrowserStackPropertyTester - Validation Result isBrowserStackDisabled : false P/testing_one
11:32:41.324 [main] INFO  c.b.a.BrowserStackPropertyTester - Testing : isBrowserStackEnabled
11:32:41.326 [main] INFO  c.b.BrowserStackPluginActivator - Prefs Keys []
11:32:41.327 [main] INFO  c.b.a.BrowserStackPropertyTester - Validation Result isBrowserStackEnabled : true P/testing_one
11:32:41.327 [main] INFO  c.b.a.BrowserStackPropertyTester - Testing : isBrowserStackDisabled
11:32:41.327 [main] INFO  c.b.BrowserStackPluginActivator - Prefs Keys []
11:32:41.327 [main] INFO  c.b.a.BrowserStackPropertyTester - Validation Result isBrowserStackDisabled : false P/testing_one
11:32:49.372 [main] INFO  c.b.a.BrowserStackPropertyTester - Testing : isBrowserStackEnabled
11:32:49.375 [main] INFO  c.b.BrowserStackPluginActivator - Prefs Keys []
11:32:49.377 [main] INFO  c.b.a.BrowserStackPropertyTester - Validation Result isBrowserStackEnabled : true P/testing_one
11:32:49.378 [main] INFO  c.b.a.BrowserStackPropertyTester - Testing : isBrowserStackDisabled
11:32:49.378 [main] INFO  c.b.BrowserStackPluginActivator - Prefs Keys []
11:32:49.378 [main] INFO  c.b.a.BrowserStackPropertyTester - Validation Result isBrowserStackDisabled : false P/testing_one
11:33:02.191 [main] INFO  c.b.a.BrowserStackPropertyTester - Testing : isBrowserStackEnabled
11:33:02.194 [main] INFO  c.b.BrowserStackPluginActivator - Prefs Keys []
11:33:02.196 [main] INFO  c.b.a.BrowserStackPropertyTester - Validation Result isBrowserStackEnabled : true P/testing_one
11:33:02.196 [main] INFO  c.b.a.BrowserStackPropertyTester - Testing : isBrowserStackDisabled
11:33:02.196 [main] INFO  c.b.BrowserStackPluginActivator - Prefs Keys []
11:33:02.196 [main] INFO  c.b.a.BrowserStackPropertyTester - Validation Result isBrowserStackDisabled : false P/testing_one
11:33:06.481 [Worker-510: Launching TestOne] INFO  c.b.BrowserStackPluginActivator - The previous launch removed.
11:33:06.504 [Worker-510: Launching TestOne] INFO  c.b.BrowserStackPluginActivator - The environment variables for the launch configuration are {}
11:40:44.432 [Worker-499: Launching TestOne] INFO  c.b.BrowserStackPluginActivator - The previous launch removed.
11:40:44.479 [Worker-499: Launching TestOne] INFO  c.b.BrowserStackPluginActivator - The environment variables for the launch configuration are {}
14:50:41.367 [main] INFO  c.b.BrowserStackPluginActivator - The previous launch removed.
14:52:37.991 [Framework stop - Equinox Container: bcc022f0-d92d-4e52-a8f7-53f2a08e152e] INFO  c.b.BrowserStackPluginActivator - Stopping BrowserStack Plugin...
